[     206ms] [LOG] %c
▲

    ____                               _ __
   / __ \________  ____ _____ ___     (_) /_
  / / / / ___/ _ \/ __ `/ __ `__ \   / / __/
 / /_/ / /  /  __/ /_/ / / / / / /  / / /__
/_____/_/   \___/\__,_/_/ /_/ /_/  /_/\__( )
   _____ __    _          _ __           |/
  / ___// /_  (_)___     (_) /_
  \__ \/ __ \/ / __ \   / / __/
 ___/ / / / / / /_/ /  / / /_
/____/_/ /_/_/ .___/  /_/\__/
            /_/
  

Hello!

- Open Source https://vercel.com/oss
- Careers https://vercel.com/careers
- Status https://vercel-status.com

 font-family: "Geist Mono", monospace; white-space: pre; line-height: 1; @ https://vercel.com/_next/static/chunks/04gr846c57m0x.js?dpl=dpl_99nQ49kWjH13eX5LV59rzuKUr9Xy:72
[    2165ms] [WARNING] Deprecated API for given entry type. @ https://vercel.com/_next/static/chunks/1ruoyjxdqgkds.js?dpl=dpl_99nQ49kWjH13eX5LV59rzuKUr9Xy:18
[    6656ms] [WARNING] The resource https://vercel.com/_next/static/chunks/0vw_y4d6dyogb.css?dpl=dpl_99nQ49kWjH13eX5LV59rzuKUr9Xy was preloaded using link preload but not used within a few seconds from the window's load event. Please make sure it has an appropriate `as` value and it is preloaded intentionally. @ https://vercel.com/walters-projects-e6cddd66/ops77/logs:0
[   51263ms] [WARNING] The resource https://vercel.com/_next/static/chunks/0vw_y4d6dyogb.css?dpl=dpl_99nQ49kWjH13eX5LV59rzuKUr9Xy was preloaded using link preload but not used within a few seconds from the window's load event. Please make sure it has an appropriate `as` value and it is preloaded intentionally. @ https://vercel.com/walters-projects-e6cddd66/ops77/logs:0
