[     345ms] [LOG] %c
▲

  ________            ___    ____   ________                __
 /_  __/ /_  ___     /   |  /  _/  / ____/ /___  __  ______/ /
  / / / __ \/ _ \   / /| |  / /   / /   / / __ \/ / / / __  /
 / / / / / /  __/  / ___ |_/ /   / /___/ / /_/ / /_/ / /_/ /
/_/ /_/ /_/\___/  /_/  |_/___/   \____/_/\____/\__,_/\__,_/
  

Hello!

- Open Source https://vercel.com/oss
- Careers https://vercel.com/careers
- Status https://vercel-status.com

 font-family: "Geist Mono", monospace; white-space: pre; line-height: 1; @ https://vercel.com/_next/static/chunks/04gr846c57m0x.js?dpl=dpl_99nQ49kWjH13eX5LV59rzuKUr9Xy:72
[    1448ms] [WARNING] Deprecated API for given entry type. @ https://vercel.com/_next/static/chunks/1ruoyjxdqgkds.js?dpl=dpl_99nQ49kWjH13eX5LV59rzuKUr9Xy:18
[    6668ms] [WARNING] The resource https://vercel.com/_next/static/chunks/3eqxfya23p0wi.css?dpl=dpl_99nQ49kWjH13eX5LV59rzuKUr9Xy was preloaded using link preload but not used within a few seconds from the window's load event. Please make sure it has an appropriate `as` value and it is preloaded intentionally. @ https://vercel.com/walters-projects-e6cddd66/ops77/settings/environment-variables:0
[    6668ms] [WARNING] The resource https://vercel.com/_next/static/chunks/1osj3xgh9qd8m.css?dpl=dpl_99nQ49kWjH13eX5LV59rzuKUr9Xy was preloaded using link preload but not used within a few seconds from the window's load event. Please make sure it has an appropriate `as` value and it is preloaded intentionally. @ https://vercel.com/walters-projects-e6cddd66/ops77/settings/environment-variables:0
[    6668ms] [WARNING] The resource https://vercel.com/_next/static/chunks/0vw_y4d6dyogb.css?dpl=dpl_99nQ49kWjH13eX5LV59rzuKUr9Xy was preloaded using link preload but not used within a few seconds from the window's load event. Please make sure it has an appropriate `as` value and it is preloaded intentionally. @ https://vercel.com/walters-projects-e6cddd66/ops77/settings/environment-variables:0
[   22343ms] [WARNING] The resource https://vercel.com/_next/static/chunks/3eqxfya23p0wi.css?dpl=dpl_99nQ49kWjH13eX5LV59rzuKUr9Xy was preloaded using link preload but not used within a few seconds from the window's load event. Please make sure it has an appropriate `as` value and it is preloaded intentionally. @ https://vercel.com/walters-projects-e6cddd66/ops77/settings/environment-variables:0
[   22343ms] [WARNING] The resource https://vercel.com/_next/static/chunks/1osj3xgh9qd8m.css?dpl=dpl_99nQ49kWjH13eX5LV59rzuKUr9Xy was preloaded using link preload but not used within a few seconds from the window's load event. Please make sure it has an appropriate `as` value and it is preloaded intentionally. @ https://vercel.com/walters-projects-e6cddd66/ops77/settings/environment-variables:0
[   22343ms] [WARNING] The resource https://vercel.com/_next/static/chunks/0vw_y4d6dyogb.css?dpl=dpl_99nQ49kWjH13eX5LV59rzuKUr9Xy was preloaded using link preload but not used within a few seconds from the window's load event. Please make sure it has an appropriate `as` value and it is preloaded intentionally. @ https://vercel.com/walters-projects-e6cddd66/ops77/settings/environment-variables:0
[   38350ms] [WARNING] The resource https://vercel.com/_next/static/chunks/3eqxfya23p0wi.css?dpl=dpl_99nQ49kWjH13eX5LV59rzuKUr9Xy was preloaded using link preload but not used within a few seconds from the window's load event. Please make sure it has an appropriate `as` value and it is preloaded intentionally. @ https://vercel.com/walters-projects-e6cddd66/ops77/settings/environment-variables:0
[   38350ms] [WARNING] The resource https://vercel.com/_next/static/chunks/1osj3xgh9qd8m.css?dpl=dpl_99nQ49kWjH13eX5LV59rzuKUr9Xy was preloaded using link preload but not used within a few seconds from the window's load event. Please make sure it has an appropriate `as` value and it is preloaded intentionally. @ https://vercel.com/walters-projects-e6cddd66/ops77/settings/environment-variables:0
[   38350ms] [WARNING] The resource https://vercel.com/_next/static/chunks/0vw_y4d6dyogb.css?dpl=dpl_99nQ49kWjH13eX5LV59rzuKUr9Xy was preloaded using link preload but not used within a few seconds from the window's load event. Please make sure it has an appropriate `as` value and it is preloaded intentionally. @ https://vercel.com/walters-projects-e6cddd66/ops77/settings/environment-variables:0
[   48622ms] [WARNING] The resource https://vercel.com/_next/static/chunks/3eqxfya23p0wi.css?dpl=dpl_99nQ49kWjH13eX5LV59rzuKUr9Xy was preloaded using link preload but not used within a few seconds from the window's load event. Please make sure it has an appropriate `as` value and it is preloaded intentionally. @ https://vercel.com/walters-projects-e6cddd66/ops77/settings/environment-variables:0
[   48622ms] [WARNING] The resource https://vercel.com/_next/static/chunks/1osj3xgh9qd8m.css?dpl=dpl_99nQ49kWjH13eX5LV59rzuKUr9Xy was preloaded using link preload but not used within a few seconds from the window's load event. Please make sure it has an appropriate `as` value and it is preloaded intentionally. @ https://vercel.com/walters-projects-e6cddd66/ops77/settings/environment-variables:0
[   48622ms] [WARNING] The resource https://vercel.com/_next/static/chunks/0vw_y4d6dyogb.css?dpl=dpl_99nQ49kWjH13eX5LV59rzuKUr9Xy was preloaded using link preload but not used within a few seconds from the window's load event. Please make sure it has an appropriate `as` value and it is preloaded intentionally. @ https://vercel.com/walters-projects-e6cddd66/ops77/settings/environment-variables:0
[   71556ms] [WARNING] The resource https://vercel.com/_next/static/chunks/3eqxfya23p0wi.css?dpl=dpl_99nQ49kWjH13eX5LV59rzuKUr9Xy was preloaded using link preload but not used within a few seconds from the window's load event. Please make sure it has an appropriate `as` value and it is preloaded intentionally. @ https://vercel.com/walters-projects-e6cddd66/ops77/settings/environment-variables:0
[   71556ms] [WARNING] The resource https://vercel.com/_next/static/chunks/1osj3xgh9qd8m.css?dpl=dpl_99nQ49kWjH13eX5LV59rzuKUr9Xy was preloaded using link preload but not used within a few seconds from the window's load event. Please make sure it has an appropriate `as` value and it is preloaded intentionally. @ https://vercel.com/walters-projects-e6cddd66/ops77/settings/environment-variables:0
[   71557ms] [WARNING] The resource https://vercel.com/_next/static/chunks/0vw_y4d6dyogb.css?dpl=dpl_99nQ49kWjH13eX5LV59rzuKUr9Xy was preloaded using link preload but not used within a few seconds from the window's load event. Please make sure it has an appropriate `as` value and it is preloaded intentionally. @ https://vercel.com/walters-projects-e6cddd66/ops77/settings/environment-variables:0
[  110021ms] [WARNING] The resource https://vercel.com/_next/static/chunks/3eqxfya23p0wi.css?dpl=dpl_99nQ49kWjH13eX5LV59rzuKUr9Xy was preloaded using link preload but not used within a few seconds from the window's load event. Please make sure it has an appropriate `as` value and it is preloaded intentionally. @ https://vercel.com/walters-projects-e6cddd66/ops77/settings/environment-variables:0
[  110021ms] [WARNING] The resource https://vercel.com/_next/static/chunks/1osj3xgh9qd8m.css?dpl=dpl_99nQ49kWjH13eX5LV59rzuKUr9Xy was preloaded using link preload but not used within a few seconds from the window's load event. Please make sure it has an appropriate `as` value and it is preloaded intentionally. @ https://vercel.com/walters-projects-e6cddd66/ops77/settings/environment-variables:0
[  110021ms] [WARNING] The resource https://vercel.com/_next/static/chunks/0vw_y4d6dyogb.css?dpl=dpl_99nQ49kWjH13eX5LV59rzuKUr9Xy was preloaded using link preload but not used within a few seconds from the window's load event. Please make sure it has an appropriate `as` value and it is preloaded intentionally. @ https://vercel.com/walters-projects-e6cddd66/ops77/settings/environment-variables:0
[  130823ms] [WARNING] The resource https://vercel.com/_next/static/chunks/3eqxfya23p0wi.css?dpl=dpl_99nQ49kWjH13eX5LV59rzuKUr9Xy was preloaded using link preload but not used within a few seconds from the window's load event. Please make sure it has an appropriate `as` value and it is preloaded intentionally. @ https://vercel.com/walters-projects-e6cddd66/ops77/settings/environment-variables:0
[  130824ms] [WARNING] The resource https://vercel.com/_next/static/chunks/1osj3xgh9qd8m.css?dpl=dpl_99nQ49kWjH13eX5LV59rzuKUr9Xy was preloaded using link preload but not used within a few seconds from the window's load event. Please make sure it has an appropriate `as` value and it is preloaded intentionally. @ https://vercel.com/walters-projects-e6cddd66/ops77/settings/environment-variables:0
[  130824ms] [WARNING] The resource https://vercel.com/_next/static/chunks/0vw_y4d6dyogb.css?dpl=dpl_99nQ49kWjH13eX5LV59rzuKUr9Xy was preloaded using link preload but not used within a few seconds from the window's load event. Please make sure it has an appropriate `as` value and it is preloaded intentionally. @ https://vercel.com/walters-projects-e6cddd66/ops77/settings/environment-variables:0
[  144032ms] [WARNING] The resource https://vercel.com/_next/static/chunks/3eqxfya23p0wi.css?dpl=dpl_99nQ49kWjH13eX5LV59rzuKUr9Xy was preloaded using link preload but not used within a few seconds from the window's load event. Please make sure it has an appropriate `as` value and it is preloaded intentionally. @ https://vercel.com/walters-projects-e6cddd66/ops77/settings/environment-variables:0
[  144032ms] [WARNING] The resource https://vercel.com/_next/static/chunks/1osj3xgh9qd8m.css?dpl=dpl_99nQ49kWjH13eX5LV59rzuKUr9Xy was preloaded using link preload but not used within a few seconds from the window's load event. Please make sure it has an appropriate `as` value and it is preloaded intentionally. @ https://vercel.com/walters-projects-e6cddd66/ops77/settings/environment-variables:0
[  144032ms] [WARNING] The resource https://vercel.com/_next/static/chunks/0vw_y4d6dyogb.css?dpl=dpl_99nQ49kWjH13eX5LV59rzuKUr9Xy was preloaded using link preload but not used within a few seconds from the window's load event. Please make sure it has an appropriate `as` value and it is preloaded intentionally. @ https://vercel.com/walters-projects-e6cddd66/ops77/settings/environment-variables:0
[  147271ms] [WARNING] The resource https://vercel.com/_next/static/chunks/3eqxfya23p0wi.css?dpl=dpl_99nQ49kWjH13eX5LV59rzuKUr9Xy was preloaded using link preload but not used within a few seconds from the window's load event. Please make sure it has an appropriate `as` value and it is preloaded intentionally. @ https://vercel.com/walters-projects-e6cddd66/ops77/settings/environment-variables:0
[  147271ms] [WARNING] The resource https://vercel.com/_next/static/chunks/1osj3xgh9qd8m.css?dpl=dpl_99nQ49kWjH13eX5LV59rzuKUr9Xy was preloaded using link preload but not used within a few seconds from the window's load event. Please make sure it has an appropriate `as` value and it is preloaded intentionally. @ https://vercel.com/walters-projects-e6cddd66/ops77/settings/environment-variables:0
[  147271ms] [WARNING] The resource https://vercel.com/_next/static/chunks/0vw_y4d6dyogb.css?dpl=dpl_99nQ49kWjH13eX5LV59rzuKUr9Xy was preloaded using link preload but not used within a few seconds from the window's load event. Please make sure it has an appropriate `as` value and it is preloaded intentionally. @ https://vercel.com/walters-projects-e6cddd66/ops77/settings/environment-variables:0
