[     679ms] [LOG] %c
▲

  ________            ___    ____   ________                __
 /_  __/ /_  ___     /   |  /  _/  / ____/ /___  __  ______/ /
  / / / __ \/ _ \   / /| |  / /   / /   / / __ \/ / / / __  /
 / / / / / /  __/  / ___ |_/ /   / /___/ / /_/ / /_/ / /_/ /
/_/ /_/ /_/\___/  /_/  |_/___/   \____/_/\____/\__,_/\__,_/
  

Hello!

- Open Source https://vercel.com/oss
- Careers https://vercel.com/careers
- Status https://vercel-status.com

 font-family: "Geist Mono", monospace; white-space: pre; line-height: 1; @ https://vercel.com/_next/static/chunks/04gr846c57m0x.js?dpl=dpl_99nQ49kWjH13eX5LV59rzuKUr9Xy:72
[     885ms] [WARNING] iso_swr: SSR fetch failed for "/api/v2/teams/walters-projects-e6cddd66" {error: iso_swr_fetch_error, message: The request is missing an authentication token} @ https://vercel.com/walters-projects-e6cddd66/ops77:264
[     885ms] [WARNING] iso_swr: SSR fetch failed for "/api/v6/deployments?limit=10&projectId=ops77&rollbackCandidate=true&teamId=walters-projects-e6cddd66" {error: iso_swr_fetch_error, message: The request is missing an authentication token} @ https://vercel.com/walters-projects-e6cddd66/ops77:264
[    1221ms] [WARNING] iso_swr: SSR fetch failed for "/api/v9/projects/ops77?activeBranches=1&latestDeployments=1&rollbackInfo=true&teamId=walters-projects-e6cddd66" {error: iso_swr_fetch_error, message: The request is missing an authentication token} @ https://vercel.com/walters-projects-e6cddd66/ops77:318
[    1221ms] [WARNING] iso_swr: SSR fetch failed for "/api/v6/deployments?limit=10&projectId=ops77&state=INITIALIZING%2CREADY%2CERROR%2CBUILDING%2CQUEUED&target=preview&teamId=walters-projects-e6cddd66" {error: iso_swr_fetch_error, message: The request is missing an authentication token} @ https://vercel.com/walters-projects-e6cddd66/ops77:318
[    1221ms] [WARNING] iso_swr: SSR fetch failed for "/dashboard/projects/ops77/production-checklist?teamId=walters-projects-e6cddd66" {error: iso_swr_fetch_error, message: The request is missing an authentication token} @ https://vercel.com/walters-projects-e6cddd66/ops77:318
[    1440ms] [WARNING] iso_swr[warn] [client] fallback error for key: "/api/v2/teams/walters-projects-e6cddd66" {error: iso_swr_fetch_error, message: The request is missing an authentication token} @ https://vercel.com/_next/static/chunks/3fsrwch11dek6.js?dpl=dpl_99nQ49kWjH13eX5LV59rzuKUr9Xy:2
[    1817ms] [ERROR] Failed to load resource: the server responded with a status of 403 () @ https://vercel.com/api/v2/teams/walters-projects-e6cddd66:0
[    1818ms] [ERROR] Failed to load resource: the server responded with a status of 403 () @ https://vercel.com/api/v1/notifications/push:0
[    1839ms] [ERROR] CustomFetchError: The request is missing an authentication token
    at f (https://vercel.com/_next/static/chunks/3m14nch_xb7n8.js?dpl=dpl_99nQ49kWjH13eX5LV59rzuKUr9Xy:2:39655) @ https://vercel.com/_next/static/chunks/04gr846c57m0x.js?dpl=dpl_99nQ49kWjH13eX5LV59rzuKUr9Xy:102
[    1842ms] [ERROR] Failed to load resource: the server responded with a status of 403 () @ https://vercel.com/api/dashboard/projects/ops77/activity?teamId=walters-projects-e6cddd66:0
[    1842ms] [ERROR] Failed to load resource: the server responded with a status of 403 () @ https://vercel.com/api/v1/dashboard/projects/ops77?teamId=walters-projects-e6cddd66:0
[    1848ms] [ERROR] Failed to load resource: the server responded with a status of 403 () @ https://vercel.com/api/jwt:0
[    1865ms] Error: Minified React error #310; visit https://react.dev/errors/310 for the full message or use the non-minified dev environment for full errors and additional helpful warnings.
    at aH (https://vercel.com/_next/static/chunks/04gr846c57m0x.js?dpl=dpl_99nQ49kWjH13eX5LV59rzuKUr9Xy:73:64319)
    at Object.ob [as useMemo] (https://vercel.com/_next/static/chunks/04gr846c57m0x.js?dpl=dpl_99nQ49kWjH13eX5LV59rzuKUr9Xy:73:71974)
    at n.useMemo (https://vercel.com/_next/static/chunks/1np2uppa8d89z.js?dpl=dpl_99nQ49kWjH13eX5LV59rzuKUr9Xy:2:10382)
    at L (https://vercel.com/_next/static/chunks/04gr846c57m0x.js?dpl=dpl_99nQ49kWjH13eX5LV59rzuKUr9Xy:103:9304)
    at aR (https://vercel.com/_next/static/chunks/04gr846c57m0x.js?dpl=dpl_99nQ49kWjH13eX5LV59rzuKUr9Xy:73:63034)
    at il (https://vercel.com/_next/static/chunks/04gr846c57m0x.js?dpl=dpl_99nQ49kWjH13eX5LV59rzuKUr9Xy:73:84017)
    at iE (https://vercel.com/_next/static/chunks/04gr846c57m0x.js?dpl=dpl_99nQ49kWjH13eX5LV59rzuKUr9Xy:73:95795)
    at sV (https://vercel.com/_next/static/chunks/04gr846c57m0x.js?dpl=dpl_99nQ49kWjH13eX5LV59rzuKUr9Xy:73:139276)
    at https://vercel.com/_next/static/chunks/04gr846c57m0x.js?dpl=dpl_99nQ49kWjH13eX5LV59rzuKUr9Xy:73:139121
    at sB (https://vercel.com/_next/static/chunks/04gr846c57m0x.js?dpl=dpl_99nQ49kWjH13eX5LV59rzuKUr9Xy:73:139129)
[    1895ms] [ERROR] The script resource is behind a redirect, which is disallowed. @ :0
[    1986ms] [ERROR] Failed to load resource: the server responded with a status of 403 () @ https://vercel.com/api/recents?hydrateLimit=30&limit=7&teamId=walters-projects-e6cddd66&type=preview:0
[    2013ms] [ERROR] Failed to load resource: the server responded with a status of 403 () @ https://vercel.com/api/v2/dashboard/projects?favorites=1&limit=25&teamId=walters-projects-e6cddd66:0
[    2044ms] [ERROR] Failed to load resource: the server responded with a status of 403 () @ https://vercel.com/api/v2/teams/walters-projects-e6cddd66:0
[    2056ms] [ERROR] Failed to load resource: the server responded with a status of 403 () @ https://vercel.com/api/v1/dashboard/projects/ops77?teamId=walters-projects-e6cddd66:0
[    2466ms] [LOG] %c
▲

  ________            ___    ____   ________                __
 /_  __/ /_  ___     /   |  /  _/  / ____/ /___  __  ______/ /
  / / / __ \/ _ \   / /| |  / /   / /   / / __ \/ / / / __  /
 / / / / / /  __/  / ___ |_/ /   / /___/ / /_/ / /_/ / /_/ /
/_/ /_/ /_/\___/  /_/  |_/___/   \____/_/\____/\__,_/\__,_/
  

Hello!

- Open Source https://vercel.com/oss
- Careers https://vercel.com/careers
- Status https://vercel-status.com

 font-family: "Geist Mono", monospace; white-space: pre; line-height: 1; @ https://vercel.com/_next/static/chunks/04gr846c57m0x.js?dpl=dpl_99nQ49kWjH13eX5LV59rzuKUr9Xy:72
[    3138ms] [WARNING] Deprecated API for given entry type. @ https://vercel.com/_next/static/chunks/1ruoyjxdqgkds.js?dpl=dpl_99nQ49kWjH13eX5LV59rzuKUr9Xy:18
[    3164ms] [ERROR] Failed to load resource: the server responded with a status of 403 () @ https://vercel.com/api/jwt:0
[    3257ms] [WARNING] [GSI_LOGGER]: Your client application uses one of the Google One Tap prompt UI status methods that may stop functioning when FedCM becomes mandatory. Refer to the migration guide to update your code accordingly and opt-in to FedCM to test your changes. Learn more: https://developers.google.com/identity/gsi/web/guides/fedcm-migration?s=dc#display_moment and https://developers.google.com/identity/gsi/web/guides/fedcm-migration?s=dc#skipped_moment @ https://vercel.com/_next/static/chunks/1ruoyjxdqgkds.js?dpl=dpl_99nQ49kWjH13eX5LV59rzuKUr9Xy:16
[    6808ms] [WARNING] The resource https://vercel.com/_next/static/media/stripe-dark.16ozjth2vgb_3.svg?dpl=dpl_99nQ49kWjH13eX5LV59rzuKUr9Xy was preloaded using link preload but not used within a few seconds from the window's load event. Please make sure it has an appropriate `as` value and it is preloaded intentionally. @ https://vercel.com/login?next=%2Fwalters-projects-e6cddd66%2Fops77:0
[    6808ms] [WARNING] The resource https://vercel.com/_next/static/media/ebay-dark.34mho2a18qqlt.svg?dpl=dpl_99nQ49kWjH13eX5LV59rzuKUr9Xy was preloaded using link preload but not used within a few seconds from the window's load event. Please make sure it has an appropriate `as` value and it is preloaded intentionally. @ https://vercel.com/login?next=%2Fwalters-projects-e6cddd66%2Fops77:0
[    6808ms] [WARNING] The resource https://vercel.com/_next/static/media/ebay-light.3ft_ki8203ov0.svg?dpl=dpl_99nQ49kWjH13eX5LV59rzuKUr9Xy was preloaded using link preload but not used within a few seconds from the window's load event. Please make sure it has an appropriate `as` value and it is preloaded intentionally. @ https://vercel.com/login?next=%2Fwalters-projects-e6cddd66%2Fops77:0
[    6808ms] [WARNING] The resource https://vercel.com/_next/static/media/stripe-light.2l_1jctpe6k_4.svg?dpl=dpl_99nQ49kWjH13eX5LV59rzuKUr9Xy was preloaded using link preload but not used within a few seconds from the window's load event. Please make sure it has an appropriate `as` value and it is preloaded intentionally. @ https://vercel.com/login?next=%2Fwalters-projects-e6cddd66%2Fops77:0
[    6808ms] [WARNING] The resource https://vercel.com/_next/static/media/adobe-light.406_7oryl71va.svg?dpl=dpl_99nQ49kWjH13eX5LV59rzuKUr9Xy was preloaded using link preload but not used within a few seconds from the window's load event. Please make sure it has an appropriate `as` value and it is preloaded intentionally. @ https://vercel.com/login?next=%2Fwalters-projects-e6cddd66%2Fops77:0
[   15288ms] [ERROR] The request has been aborted. @ https://vercel.com/login?next=%2Fwalters-projects-e6cddd66%2Fops77:0
[   15341ms] [ERROR] [GSI_LOGGER]: FedCM get() rejects with AbortError: signal is aborted without reason @ https://vercel.com/_next/static/chunks/3fsrwch11dek6.js?dpl=dpl_99nQ49kWjH13eX5LV59rzuKUr9Xy:2
[   15401ms] [ERROR] Failed to load resource: the server responded with a status of 429 () @ https://o205439.ingest.sentry.io/api/1323670/envelope/?sentry_key=d00780d432ac4ccf882f60dd02062e14&sentry_version=7&sentry_client=sentry.javascript.browser%2F7.111.0:0
[   29852ms] [LOG] %c%s color: red; background: yellow; font-size: 24px; WARNING! @ https://www.gstatic.com/_/mss/boq-identity/_/js/k=boq-identity.AccountsSignInUi.en.UggC3jMvhow.es5.O/am=Kf4GAACiCCQDYPj_DxkACIAgGrieBaAJRAYAAAAAAAAAAKwQACCN/d=1/excm=_b,_tp,accountchooserview/ed=1/dg=0/wt=2/ujg=1/rs=AOaEmlFFg7XUrgugsuWYTqmXByMu6W03bg/dti=1/m=_b,_tp:467
[   29852ms] [LOG] %c%s font-size: 18px; Using this console may allow attackers to impersonate you and steal your information using an attack called Self-XSS.
Do not enter or paste code that you do not understand. @ https://www.gstatic.com/_/mss/boq-identity/_/js/k=boq-identity.AccountsSignInUi.en.UggC3jMvhow.es5.O/am=Kf4GAACiCCQDYPj_DxkACIAgGrieBaAJRAYAAAAAAAAAAKwQACCN/d=1/excm=_b,_tp,accountchooserview/ed=1/dg=0/wt=2/ujg=1/rs=AOaEmlFFg7XUrgugsuWYTqmXByMu6W03bg/dti=1/m=_b,_tp:467
[   35198ms] [LOG] %c
▲

    ____                               _ __
   / __ \________  ____ _____ ___     (_) /_
  / / / / ___/ _ \/ __ `/ __ `__ \   / / __/
 / /_/ / /  /  __/ /_/ / / / / / /  / / /__
/_____/_/   \___/\__,_/_/ /_/ /_/  /_/\__( )
   _____ __    _          _ __           |/
  / ___// /_  (_)___     (_) /_
  \__ \/ __ \/ / __ \   / / __/
 ___/ / / / / / /_/ /  / / /_
/____/_/ /_/_/ .___/  /_/\__/
            /_/
  

Hello!

- Open Source https://vercel.com/oss
- Careers https://vercel.com/careers
- Status https://vercel-status.com

 font-family: "Geist Mono", monospace; white-space: pre; line-height: 1; @ https://vercel.com/_next/static/chunks/1vgdk3-5frt1r.js?dpl=dpl_99nQ49kWjH13eX5LV59rzuKUr9Xy:72
[   35298ms] [WARNING] Deprecated API for given entry type. @ https://vercel.com/_next/static/chunks/1g5gdwjxx3peg.js?dpl=dpl_99nQ49kWjH13eX5LV59rzuKUr9Xy:18
[   35518ms] [ERROR] Failed to load resource: the server responded with a status of 403 () @ https://vercel.com/api/jwt:0
[   36604ms] [ERROR] Failed to load resource: the server responded with a status of 404 () @ https://vercel.com/_next/data/build-TfctsWXpff2fKS/walters-projects-e6cddd66/ops77.json:0
[   36803ms] [LOG] %c
▲

__  __                                     _            __
\ \/ /___  __  __   _________ _____       (_)_  _______/ /_
 \  / __ \/ / / /  / ___/ __ `/ __ \     / / / / / ___/ __/
 / / /_/ / /_/ /  / /__/ /_/ / / / /    / / /_/ (__  ) /_
/_/\____/\__,_/   \___/\__,_/_/ /_/  __/ /\__,_/____/\__/
         __    _          __  __    /___/
   _____/ /_  (_)___     / /_/ /_  (_)___  ____ ______
  / ___/ __ \/ / __ \   / __/ __ \/ / __ \/ __ `/ ___/
 (__  ) / / / / /_/ /  / /_/ / / / / / / / /_/ (__  )
/____/_/ /_/_/ .___/   \__/_/ /_/_/_/ /_/\__, /____/
            /_/                         /____/
  

Hello!

- Open Source https://vercel.com/oss
- Careers https://vercel.com/careers
- Status https://vercel-status.com

 font-family: "Geist Mono", monospace; white-space: pre; line-height: 1; @ https://vercel.com/_next/static/chunks/04gr846c57m0x.js?dpl=dpl_99nQ49kWjH13eX5LV59rzuKUr9Xy:72
[   38037ms] [WARNING] Deprecated API for given entry type. @ https://vercel.com/_next/static/chunks/1ruoyjxdqgkds.js?dpl=dpl_99nQ49kWjH13eX5LV59rzuKUr9Xy:18
